<?xml version="1.0" encoding="UTF-8"?>
<testsuites name="CRUD API Testing (Users)" time="6.089" tests="3" failures="0" errors="0">
   <testsuite name="CRUD API Testing (Users)" tests="3" failures="0" errors="0" time="6.089" skipped="0" timestamp="13-02-2024T00:05:10" hostname="Maulana Y - DESKTOP-736VERV" id="Test Suites/CRUD API Testing (Users)">
      <properties>
         <property name="deviceName" value=""/>
         <property name="devicePlatform" value=""/>
         <property name="logFolder" value="C:\\Users\\Maulana Y\\git\\katalon-taskapi-Muhammad-Maulana-Yusuf\\Reports\\20240213_000504\\CRUD API Testing (Users)\\20240213_000505"/>
         <property name="logFiles" value="C:\\Users\\Maulana Y\\git\\katalon-taskapi-Muhammad-Maulana-Yusuf\\Reports\\20240213_000504\\CRUD API Testing (Users)\\20240213_000505\\execution0.log"/>
         <property name="attachments" value=""/>
         <property name="hostName" value="Maulana Y - DESKTOP-736VERV"/>
         <property name="hostAddress" value="192.168.100.5"/>
         <property name="os" value="Windows 11 64bit"/>
         <property name="katalonVersion" value="9.3.0.212"/>
      </properties>
      <testcase name="Test Cases/Users Endpoint/Get User by User id" time="3.656" classname="Test Cases/Users Endpoint/Get User by User id" status="PASSED">
         <system-out><![CDATA[13-02-2024T00:05:10 - [TEST_CASE][PASSED] - Test Cases/Users Endpoint/Get User by User id: Test Cases/Users Endpoint/Get User by User id

13-02-2024T00:05:10 - [TEST_STEP][PASSED] - response = sendRequest(findTestObject("Users/Get user by id")): Send request successfully

13-02-2024T00:05:13 - [MESSAGE][INFO] - HAR: C:\Users\Maulana Y\git\katalon-taskapi-Muhammad-Maulana-Yusuf\Reports\20240213_000504\CRUD API Testing (Users)\20240213_000505\requests\main\0.har

13-02-2024T00:05:13 - [MESSAGE][PASSED] - Send request successfully

13-02-2024T00:05:13 - [TEST_STEP][PASSED] - verifyResponseStatusCode(response, 200): Verify response status code successfully

13-02-2024T00:05:14 - [MESSAGE][PASSED] - Verify response status code successfully

13-02-2024T00:05:14 - [TEST_STEP][PASSED] - verifyElementPropertyValue(response, "username", "[Samantha]"): Verify element property value successfully

13-02-2024T00:05:14 - [MESSAGE][PASSED] - Verify element property value successfully]]></system-out>
         <system-err><![CDATA[]]></system-err>
      </testcase>
      <testcase name="Test Cases/Users Endpoint/Add new user" time="1.05" classname="Test Cases/Users Endpoint/Add new user" status="PASSED">
         <system-out><![CDATA[13-02-2024T00:05:14 - [TEST_CASE][PASSED] - Test Cases/Users Endpoint/Add new user: Test Cases/Users Endpoint/Add new user

13-02-2024T00:05:14 - [TEST_STEP][PASSED] - response = sendRequest(findTestObject("Users/Add User")): Send request successfully

13-02-2024T00:05:15 - [MESSAGE][INFO] - HAR: C:\Users\Maulana Y\git\katalon-taskapi-Muhammad-Maulana-Yusuf\Reports\20240213_000504\CRUD API Testing (Users)\20240213_000505\requests\main\1.har

13-02-2024T00:05:15 - [MESSAGE][PASSED] - Send request successfully

13-02-2024T00:05:15 - [TEST_STEP][PASSED] - verifyResponseStatusCode(response, 201): Verify response status code successfully

13-02-2024T00:05:15 - [MESSAGE][PASSED] - Verify response status code successfully

13-02-2024T00:05:15 - [TEST_STEP][PASSED] - verifyElementPropertyValue(response, "id", "11"): Verify element property value successfully

13-02-2024T00:05:15 - [MESSAGE][PASSED] - Verify element property value successfully

13-02-2024T00:05:15 - [TEST_STEP][PASSED] - verifyElementPropertyValue(response, "name", "Leanne Graham"): Verify element property value successfully

13-02-2024T00:05:15 - [MESSAGE][PASSED] - Verify element property value successfully

13-02-2024T00:05:15 - [TEST_STEP][PASSED] - verifyElementPropertyValue(response, "username", "Bret"): Verify element property value successfully

13-02-2024T00:05:15 - [MESSAGE][PASSED] - Verify element property value successfully]]></system-out>
         <system-err><![CDATA[]]></system-err>
      </testcase>
      <testcase name="Test Cases/Users Endpoint/Delete User" time="1.116" classname="Test Cases/Users Endpoint/Delete User" status="PASSED">
         <system-out><![CDATA[13-02-2024T00:05:15 - [TEST_CASE][PASSED] - Test Cases/Users Endpoint/Delete User: Test Cases/Users Endpoint/Delete User

13-02-2024T00:05:15 - [TEST_STEP][PASSED] - response = sendRequest(findTestObject("Users/Delete User")): Send request successfully

13-02-2024T00:05:16 - [MESSAGE][INFO] - HAR: C:\Users\Maulana Y\git\katalon-taskapi-Muhammad-Maulana-Yusuf\Reports\20240213_000504\CRUD API Testing (Users)\20240213_000505\requests\main\2.har

13-02-2024T00:05:16 - [MESSAGE][PASSED] - Send request successfully

13-02-2024T00:05:16 - [TEST_STEP][PASSED] - verifyResponseStatusCode(response, 200): Verify response status code successfully

13-02-2024T00:05:16 - [MESSAGE][PASSED] - Verify response status code successfully]]></system-out>
         <system-err><![CDATA[]]></system-err>
      </testcase>
      <system-out><![CDATA[13-02-2024T00:05:10 - [TEST_SUITE][PASSED] - CRUD API Testing (Users): Test Cases/Users Endpoint/Delete User]]></system-out>
      <system-err><![CDATA[]]></system-err>
   </testsuite>
</testsuites>
